[19:01:50] [main/INFO]: Setting user: Player355
[19:01:52] [Client thread/INFO]: LWJGL Version: 2.9.1
[19:01:57] [Client thread/INFO]: Reloading ResourceManager: Default, FMLFileResourcePack:Forge Mod Loader, FMLFileResourcePack:Minecraft Forge, FMLFileResourcePack:Link's Awakening
[19:01:58] [Sound Library Loader/INFO]: Sound engine started
[19:02:01] [Client thread/INFO]: Created: 512x256 textures/blocks-atlas
[19:02:01] [Client thread/INFO]: Created: 256x256 textures/items-atlas
[19:02:01] [Client thread/INFO]: Reloading ResourceManager: Default, FMLFileResourcePack:Forge Mod Loader, FMLFileResourcePack:Minecraft Forge, FMLFileResourcePack:Link's Awakening
[19:02:01] [Client thread/INFO]: Created: 256x256 textures/items-atlas
[19:02:01] [Client thread/INFO]: Created: 512x256 textures/blocks-atlas
[19:02:03] [Sound Library Loader/INFO]: Sound engine started
[19:02:09] [Server thread/INFO]: Starting integrated minecraft server version 1.7.10
[19:02:09] [Server thread/INFO]: Generating keypair
[19:02:09] [Server thread/INFO]: Preparing start region for level 0
[19:02:10] [Server thread/INFO]: Changing view distance to 12, from 10
[19:02:11] [Server thread/INFO]: Player355[local:E:660e6c35] logged in with entity id 221 at (509.1005704148843, 4.0, -523.8666253211654)
[19:02:11] [Server thread/INFO]: Player355 joined the game
[19:02:12] [Server thread/INFO]: Saving and pausing game...
[19:02:12] [Server thread/INFO]: Saving chunks for level 'New World'/Overworld
[19:02:12] [Server thread/INFO]: Saving chunks for level 'New World'/Nether
[19:02:12] [Server thread/INFO]: Saving chunks for level 'New World'/The End
[19:02:17] [Server thread/INFO]: [Player355: Set the time to 0]
[19:02:17] [Client thread/INFO]: [CHAT] Set the time to 0
[19:02:23] [Server thread/INFO]: Player355 has just earned the achievement [Taking Inventory]
[19:02:23] [Client thread/INFO]: [CHAT] Player355 has just earned the achievement [Taking Inventory]
[19:02:38] [Server thread/INFO]: Saving and pausing game...
[19:02:38] [Server thread/INFO]: Saving chunks for level 'New World'/Overworld
[19:02:38] [Server thread/INFO]: Saving chunks for level 'New World'/Nether
[19:02:38] [Server thread/INFO]: Saving chunks for level 'New World'/The End
[19:02:39] [Server thread/INFO]: Stopping server
[19:02:39] [Server thread/INFO]: Saving players
[19:02:39] [Server thread/INFO]: Saving worlds
[19:02:39] [Server thread/INFO]: Saving chunks for level 'New World'/Overworld
[19:02:39] [Server thread/INFO]: Saving chunks for level 'New World'/Nether
[19:02:39] [Server thread/INFO]: Saving chunks for level 'New World'/The End
[19:02:40] [Client thread/INFO]: Stopping!
